O O
O O B-action O B-object B-state
O B-action B-object
O O B-action O B-object
B-action O B-object B-state
B-action B-object
O O B-action B-object B-state O
O O O O
O O O B-action O B-object B-state
O O O B-action B-state B-object
O O B-action O B-object B-state
B-action O B-object O
O O O O O
O O B-action B-state O B-object O
O O B-action B-state O B-object
O O O O
O O O B-action B-object
O O B-action O O B-object O
O O B-action B-object B-state O
O O O O O O O
O O O O O
O O B-action O B-object O
O O O
O B-action O B-object B-state
O O O B-action B-object O
O O B-action B-state B-object
O O O
O O O
O O O O O O
O O O B-action O B-object
O O B-action B-object O
O O O B-action B-object O
O O B-action B-state B-object
O O O B-action B-object
B-action O B-object B-state
O O O O O O O
O O B-action B-object B-state O
O O O O O O O
O O O B-action B-state O B-object
O O B-action O B-object B-state O
O O O B-action B-object B-state
O O B-action O O B-state
O O B-action O B-object B-state O
B-action B-object O B-state O O O
O O B-action O B-object B-state
B-action B-object O
O B-action B-object O
O B-action B-state B-object
O O O
O O B-action O B-object B-state O
O O O O O
O O O B-action B-object
O O O O O O
O O O O O O
O O B-action B-state O B-object
B-action O B-object
B-action O B-object
O O B-action B-state O B-object
O O O O
O O B-action B-state O B-object
O B-action O O B-state
O O B-action O B-object B-state
B-action O B-object B-state
O O O
O O B-action B-object B-state O
O O
O O B-action O B-object B-state O
O O O O O O O
B-action O B-object B-state
O O B-action B-object O
O O O O O
O O O O O O O O O
O B-action O B-object B-state
B-action O B-object B-state
O B-action B-object O
O O O B-action O B-object
O O O O
O O O O
O O O O O O
B-action B-object O
O O O B-action B-state O B-object
O O B-action O B-object B-state O
O O B-action B-object
B-action O B-object O
O O B-action O B-object B-state
O O O O O O
O O B-action B-object O
B-action O B-object
O O O O O O O O
O O O
O O O B-action B-object B-state
O O O O
O O O O O O O O
O O O
O O B-action O B-object B-state
O O O O O
O O O B-action B-object O
O O O B-action B-state O B-object
O O B-action O B-object B-state
O O B-action O O B-state
B-action B-state B-object O
O B-action B-state B-object
O O O B-action O B-object B-state
O O
O B-action O B-object O
B-action B-state B-object O
O O O B-action O B-object O
O O O O
O B-action O B-object O
O O O B-action B-state O B-object
O O B-action B-object O
O O B-action O B-object B-state O
O O B-action B-state O B-object
O O B-action B-object O
O O O O
O B-action O B-object B-state
O O O O O O O
B-action B-state B-object
O O O O O O O
O O
O O O
B-action B-object O
O O B-action B-object
O O O B-action B-object O
O B-action B-object
O O B-action B-object O O
O O O B-action B-object
O O B-action B-state O B-object
O O O O O O O O
O O O B-action B-state B-object
O B-action B-state B-object
O O O O O
O O O O O O O O
O O O O O O O
O O B-action O B-object B-state O
O O O B-action B-state B-object
O O O O O
O O O O O O O O O
O O B-action B-state B-object O
O B-action B-object B-state
O O O O O
O O B-action B-object O
O O O B-action O B-object B-state
O O O
B-action B-object O O
O O B-action B-object O
B-action B-state B-object O
O O O
O O O O
O O B-action O B-object O O
O O B-action O B-object
O O B-action B-state B-object
O O O B-action B-object
O O B-action B-state O B-object O
O B-action B-object O
O B-action B-state O B-object
O O B-action B-state O B-object
O O O O O O O O
O O B-action O B-object B-state
O O O B-action O B-object B-state
B-action B-object B-state
O O O O O O O
O O B-action B-state O B-object O
O O B-action B-state O B-object
O O B-action O B-object O O
O O O O
B-action B-state O B-object O
B-action B-object
O O B-action B-state O B-object
O O O O O
B-action B-object B-state
O O O
O O B-action B-object
O O B-action B-state O B-object O
O O B-action B-state B-object
O O B-action O B-object B-state O
O B-action O B-object
O O O O O
O O O B-action B-state B-object
O O O O O O
B-action O B-object O
B-object B-state O
O B-action O B-object B-state
B-action O B-object O
O O O B-action B-object
B-action B-object B-state O
O O O O O
O B-action B-state O B-object
O B-action B-object
O O B-action B-state O B-object O
O O O O O
O O O B-action B-state O B-object
O O O O O O
B-action B-state B-object O
B-action B-object
B-action O B-object O
O O B-action B-object B-state
O O O B-action B-state O B-object
O O B-action O B-object O
O O O B-action B-state B-object
B-action B-object
O O O O O O O O
O O B-action B-state B-object O
O O B-action B-object B-state
O O O O
O O O O O
O O O O O
O O O B-action B-state O B-object
O O B-action B-state B-object O
O O B-action B-object B-state
O O B-action O B-object B-state
O O O O O O O O
O O O O O O O
O O B-action O B-object B-state
O O B-action O B-object B-state O
B-action B-object B-state
O O B-action O B-object O O
O O O B-action O B-object O
O O B-action B-object B-state
B-action B-object
O O O B-action O B-object B-state
O O B-action B-state O O O
O O O O O O
O O B-action B-state O B-object
O O B-action B-state O B-object O
O O O
O O B-action B-state O B-object
O O O B-action O B-object
O O O O O O O
O O O B-action B-state O B-object
O O O O
O O B-action O B-object O
O O O B-action O B-object O
B-action B-state O B-object
O B-action B-object O
O B-action B-object O
O B-action O B-object B-state
O O O O O O O
O O O O O O
O B-action O B-object
O O B-action B-object O
O O B-action O B-object B-state
O O B-action B-state O B-object O
B-action O B-object O
O O B-action B-state O B-object
O B-action B-state O B-object
O O O B-action B-state O B-object
O O O O
O O O O O
O O B-action B-object
O O O O
B-action B-object
O O O O
B-action B-object O O
O O O O O O O
O O O B-action B-state O B-object
B-action O B-object O B-state O
O O B-action B-object B-state
O O O B-action B-state O O
O O B-action O B-object B-state
O O O B-action B-object B-state
B-action O B-object
O B-action O B-object B-state
O O O B-action B-state B-object
B-action B-object
O O O B-action B-object B-state
O O O O O O O
O O O O O O
O O B-action B-object O
B-action O B-object O
B-action B-object B-state
O O B-action O B-object B-state
B-action O B-object
O O B-action B-state O B-object O
O O B-action B-state O B-object O
O B-action O B-object
O O B-action B-state O B-object O
O O O O O O O O O O
O O O O
B-action O B-object B-state
O O O O
O O O O
O O O B-action B-state O B-object
O O B-action B-object
B-action O B-object B-state O
O O O O O O O
O O B-action O B-object O
O O B-action O B-object B-state
O O B-action B-state O B-object
O B-object O B-action B-state O O
O O B-action B-object O
B-action O B-object B-state O
B-object B-state
O B-action B-state O B-object
O O O
O O B-action O B-object B-state O
B-action O B-object O
O O O B-action O B-object O
O O B-action O B-object O O
B-action B-state O B-object
O O O B-action B-state B-object
O O O O O O O O
O O B-action O B-object O
O O B-action O B-object
O O B-action B-object O
B-action O B-object O
O O B-action O B-object B-state
O O B-action B-object O
O O O O O O
O O O O O O
O O O O O O O O O
O O O B-action B-state O B-object
O O O
O O O O O
O O O B-action B-state O B-object
O O B-action B-state O B-object
O O raising O B-object
O O
O O
O O O B-action O B-object
B-action O B-object B-state O
O O B-action O B-object B-state O
O O O O O
O O B-action B-state B-object O
B-action O B-object B-state O
O B-action O B-object
O O B-action B-object O
O O O O O O O O O
O O
O B-action B-state B-object
B-object B-state
O O B-action B-object B-state
O O O O O O
O O O B-action B-state B-object
O O B-action O B-object B-state
B-action B-object O O
B-action B-object O O
O O O O O O O
O O O O O O
O O B-action O B-object O O
O O
B-action O B-object
O O B-action B-state O B-object O
B-action O B-object O
O O O O
O O O O O O O
O O B-action B-object O
O O O O
O O O
O O O
O O B-action O B-object
O O B-action O B-object B-state O
O O O B-action O B-object
O O O B-action B-object
O O B-action O B-object
O B-action O B-object
O O O O
B-action O B-object B-state O
O O B-action B-object
O O B-action O B-object O
O O O B-action O B-object
B-action B-object B-state O
O O O B-action B-object B-state
O O O O O O O O O O O O O
O O O O O O O
O B-action O B-object B-state
B-action B-object O
O B-action O B-object O
B-action B-state O B-object
O O B-action B-state O B-object
O O B-action B-state O B-object O
O O B-action B-object O O
O O O B-action O B-object
O O B-action B-state O B-object
O O elevating O B-object
O O B-action O B-object B-state O
B-action O B-object
O B-action O B-object B-state
O O O O
O O B-action B-state O B-object O
O O O O O O O
B-action O B-object
O B-action O B-object O B-state O O
O O O B-action O B-object
O O B-action O B-object O
O O B-action B-object O
B-action O B-object B-state
B-object B-state
O O O O O O O O O
O O O O O O O
O O B-action B-object
O O O O O O
O O O O
O O O B-action O B-object
O O B-action O B-object O
B-action B-object O
O B-action O B-object
O O B-action B-state O B-object
O O O O O
O O O O O
O B-action O B-object O
O O O O O O
O O O O O O O O
O O B-action O B-object O O
O O O O O O O
O O O
O O B-action O B-object B-state
B-action O B-object B-state
O O O O O O O
O B-action B-object
O O B-action O B-object B-state
O O O B-action O B-object
O O O O O
O O O O O O
O O
O O B-action O B-object O
O O O B-action B-object
O B-action O B-object
O O O B-action O B-object
B-action B-object O
B-action O B-object O
O O B-action B-state O B-object O
O B-action B-object O
O B-action B-state B-object
O O B-action O B-object O O
O O O O O O O
O O B-action O B-object B-state
O O B-action O B-object B-state O
B-action O B-object B-state O
O O O O O
O O B-action O B-object O B-state
O O O O O
O O O
O O B-action B-state O B-object
O B-action O B-object O
B-action B-object O
O O B-action O B-object O
O O O O
O O B-action B-state B-object O
O O B-action B-state O B-object O
O O B-action B-state O O
O O B-action B-object B-state
O O O
O O B-action B-object B-state
O O O B-action O B-object O
O O B-action B-object B-state
B-action O B-object B-state O
O O O O O
O O B-action B-state O B-object O
O O B-action O B-object
O O
O O B-action B-object O
B-action B-state O B-object
B-action O B-object B-state O
O B-action O B-object B-state
O O B-action B-state B-object
O O O B-action B-state O B-object
O B-action B-object B-state
O O O
O O B-action O B-object B-state O
O O B-action B-object B-state
O O B-action O B-object O
O O O O O O
O O B-action O B-object B-state O
O O O O O O O O
O O B-action O B-object B-state O
O O O O O
O O O O
B-action B-state O B-object O
O O O O O O
O O B-action B-state B-object
O O O B-action B-state O B-object
O O O O O O O O
B-action B-state B-object O
O O O O O
O O B-action B-state B-object
O O B-action B-state O B-object
O B-action O O
B-action O B-object B-state
O O O O
O O O O O O O
B-action B-state O B-object
O O B-action O B-object B-state O
O B-action B-state O B-object
B-action O B-object O
B-action O B-object O
O O O B-action B-state O B-object
O O B-action O B-object B-state
B-action O B-object B-state
B-action O B-object O O
O O B-action O B-object B-state
O O
O O O O O
O B-action O B-object
O O B-action B-state O B-object
O B-action O B-object
O O O B-action O B-object O
O O B-action B-state B-object O
O O O O
O O O
B-action O B-object O O
B-action B-object O O
O O B-action B-state O B-object
B-action B-object O O
O O B-action B-state B-object
O O B-action B-object
O O B-action B-state O B-object
B-action B-state O B-object O
O O B-action O B-object B-state
O O O O O O O O O
B-action O B-object O O
B-action O B-object B-state
O O O O O
O O B-action B-state O B-object
O O B-action O B-object B-state
O O O B-action B-state O B-object
B-action B-state O B-object O
O O B-action O B-object O
O O B-action O B-object B-state
O O O B-action B-object O
B-action O B-object O B-state O O
O O O O O
O O B-action O B-object O
O O B-action O B-object B-state
O O O
B-action B-object
O O O O O O O O
O O B-action B-object O B-state O O
O O B-action B-state B-object
O O B-action B-state B-object O
O O B-action B-state O B-object
O O O O
O O B-action B-object B-state
B-action B-state O B-object O
B-action B-object O
O O B-action B-object
B-action O B-object B-state O
O O B-action O B-object
O O O O O
B-action B-state B-object
O O B-action O B-object B-state
B-action O B-object O
O B-action O B-object B-state
O B-action B-state O B-object
O B-action B-object
O O B-action O B-object O
O O B-action O B-object O
O O O O O O
O O O
O O B-action O B-object O O
O O O O
B-action O B-object O
O O B-action B-object O O
O O O O O O
O B-action B-object O
O O O O O O
O O O B-action B-object B-state
O B-action O B-object
O O B-action O B-object B-state
O O O
O O B-action O B-object O
O O O O O O
O B-action B-object B-state
B-action B-state O O O
O O B-action B-state B-object
B-action B-state B-object
O O O B-action B-object
O O B-action B-object B-state
B-action O B-object B-state O
O O O B-action O B-object B-state
O O O B-action B-state B-object
B-action B-state O B-object O
O O B-action B-state O B-object
O O B-action O B-object B-state O
O O O O O O
B-action B-object
O O B-action O B-object B-state O
O O B-action B-state O B-object O
O O B-action B-object B-state
O O O O
O O B-action B-object
B-action O B-object B-state O
O B-action B-object O
O O B-action O B-object B-state
O O B-action O B-object O
O O O O O
O O O O
O B-action O B-object B-state
O O B-action B-object
O O B-action O B-object O
O O O B-action O B-object O
B-action B-object O
B-action B-state O B-object
O O B-action B-state B-object O
O O B-action O B-object B-state O
B-action O B-object
O O O
O O B-action O B-object B-state O
O O O B-action O B-object
B-action B-object O B-state O
O O O O O O O O O
B-action B-state O B-object O
O O B-action B-state O B-object
O O O O O O
O O O O O O O O
O O O B-action B-object
O O O O O O
O O B-action B-object B-state
O O B-action O B-object O
O O O O O O
O O O B-action O B-object O
O O B-action B-state O B-object
B-action O B-object B-state O
O O B-action B-object O
O O O O O O O O
O O B-action B-state B-object O
O O O B-action O B-object B-state
B-action B-object O
O O B-action O B-object O
O O O O O O O
B-action O B-object B-state O
O O O B-action B-state B-object
O O O O O
O O O O O
B-action B-object O
O O O O O O
B-action B-state B-object O
O O O O O
O B-action O B-object O
O B-action O B-object I-object O B-state
O O O O
O O O B-action B-object
O O O O O O O O
O O B-action B-object B-state O
O O O O O O
O O B-action O B-object O O
O O O B-action O B-object B-state
B-action B-object O B-state
O O B-action B-object B-state O
O O O O O
O O O O O O
O O O
B-action O B-object O O
O O B-action O B-object O
O O B-action O B-object B-state O
O O B-action B-object B-state O
B-action B-object O
O O
O B-action O B-object B-state
O O O O O O
O O B-action B-state O B-object
B-action O B-object O
O B-action B-object
O O O B-action B-state O B-object
O O O O
O O O B-action B-object B-state
O O B-action O B-object O
O B-action O B-object B-state
O O O O O O
O O O B-action B-state O B-object
O B-action B-state B-object
O O O O O O
O O O B-action B-object
O O O B-action O B-object O
B-action B-object O
O O O
O O O O O O
B-action B-object O
O O O B-action B-state B-object
B-action O B-object O O
O O B-action B-object B-state
O O B-action O B-object B-state O
O O B-action O B-object B-state
O O O O O
B-action B-state O B-object
O B-action B-object
B-action B-object O O
B-action O B-object O O
O O O O O
B-action B-object B-state
O O B-action O B-object B-state
O O B-action O B-object O
O O O O O O O O O O O
B-action O B-object B-state
O O O O O O O
O O B-action B-object O
B-action B-state O B-object
O O O O O O O
O O O O O O O O O
O O B-action B-object B-state
O O B-action B-object O B-state O
O B-action B-state O B-object
O O O O O
O O B-action B-object B-state
O O O O
O O B-action B-state O B-object
O O O O O O O O
O O B-action O B-object B-state O
B-action O B-object B-state
B-action B-object B-state O
O O O B-action B-state O B-object
O O O B-action B-object
O O O O O O O
O O O B-action O O B-object
O O O O O O
O O O O O O O
O B-action O B-object O
B-action B-object O
O O B-action B-object B-state
O B-action O B-object O
O O B-action B-object O O
O O O B-action B-state O B-object
O O B-action B-object B-state O
O O O O O O
O O O O O O O
B-action O B-object O O
O B-action B-object O
O O O O O
O O B-action O B-object B-state
O O O O O
O O O
O O B-action B-state O B-object O
B-action B-object O
O O B-action O B-object O B-state O O
O O B-action B-state O B-object
B-action B-object O
O O B-action B-state B-object
O B-action B-object
O O O
O O B-action B-state O B-object O
B-action O B-object B-state
O B-action B-state O B-object
O O B-action B-object B-state
O O O O O O O
O O O O O O O O O
O O O B-action B-state O B-object
B-object B-state O
O O B-action O B-object B-state
O O B-action O B-object
O B-action O B-object O B-state O O
O O O B-action B-object
O O O B-action B-object
O O B-action O B-object O
O O O B-action B-state O B-object
O O O
O O O O O O O
O O O O O O
O O O O
O O B-action B-state O B-object
O O O B-action B-state O B-object
O
O O B-action B-object O
O O B-action B-object
B-action B-state O O
O O O O
B-action B-object I-object O B-state O O O
O O B-action O B-object O
O B-action O B-object
B-action B-object O
B-action B-state B-object
O O B-action O B-object B-state
B-action B-state O B-object
O O B-action O B-object
O O B-action B-object B-state O
O O B-action B-state O B-object O
B-action B-object O O
B-action B-object B-state
O O O O O O
B-action B-object O
O O O O
O O O
O O O O O
O O B-action O B-object O O
O O O O
O O B-action B-state B-object
B-action O B-object
O O O O
O O O B-action O B-object
O O O O O
O O O O O
O O O O O O O
O O O O O O O
O O O B-action B-state O B-object
O O O O O
O O B-action O B-object
O O O O
O O O B-action B-state O B-object
O O O O O O O O O
O O B-action O B-object
B-action B-state O B-object
O O B-action O O B-object
O O O B-action O B-object B-state
O O O B-action B-object
O O B-action B-object O
O O O O O
O B-action B-object
B-action B-object O B-state O O
B-action B-object O
O O O B-action B-state O B-object
O B-action B-object I-object O B-state O
O B-action O B-object B-state
B-action B-object O O
B-action O B-object O
B-action O B-object O
B-object B-state O
O O O B-action B-object B-state
O O B-action O B-object O
O O O B-action B-state O B-object
O O B-action B-state O B-object
O O O O O O O
O O O O O O
O O O O O
O B-action B-state O B-object
O O O O O O O
O O O O
O O B-action B-state O B-object O
O O B-action B-state O B-object O
O O O O
O O B-action B-state O B-object
O O B-action O B-object B-state
B-action O B-object O
O O O B-action B-state B-object
O O O B-action B-object O
O O B-action B-object B-state
O O B-action B-object B-state
O O B-action O B-object B-state O
O O O B-action B-object
O O
O O B-action B-object O
O O B-action B-object O
O O O B-action O B-object B-state
O B-action O B-object O
O O B-action O B-object
O O O B-action O B-object B-state
O O O B-action O B-object
O B-action B-object B-state
O O B-action B-state O B-object
O O B-action B-state O B-object O
O B-action B-state O B-object
O B-action B-state B-object
O O B-action B-object O
O O O
O O O B-action O B-object B-state
B-action O B-object O B-state
O O B-action O B-object O
O O B-action O B-object B-state
O O O B-action B-object O
O O O O
O B-action B-state O B-object
O O O O
O O O B-action B-state O B-object
B-action B-state O B-object O
O O B-action B-object B-state
O O B-action B-object B-state O
O O B-action B-state O B-object
B-action O B-object O
O O B-action O B-object B-state
O O O O
O O B-action B-object O
O B-action B-state B-object
B-action B-state O B-object
O O B-action B-state B-object O
O O B-action B-state O B-object O
B-action B-state O B-object O
O O B-action B-state B-object
O O O B-action B-state O B-object
O O O O O
B-action O B-object O
O O O O O O
O O O O O O
O B-action B-state O B-object
O O O O O O
O O B-action O B-object B-state
O O O B-action B-object
O O B-action B-state B-object
O O O O O O
O O O O O
O O O B-action B-state B-object
O O O O
O O O B-action B-object
O O O B-action B-state O B-object
O O B-action B-state O B-object O
O O B-action B-state O B-object
B-action O B-object I-object O B-state
O B-action B-object O
O B-action B-state O B-object
O O B-action O O B-object
O O B-action B-state O B-object O
O O B-action B-state O B-object
O B-action B-object B-state
B-action O B-object O
O O B-action O B-object O
O O O B-action O B-object
O O B-action O B-object O
B-action B-object O
B-action B-object O
O O B-action O B-object
O O B-action O O B-state O
B-action B-state B-object O
O O B-action B-object
O O O B-action B-state O B-object
O O B-action O O B-object O
O O O O
B-object B-state
O O O B-action B-object
O O O O O O O O
O O B-action O B-object
O B-action B-object O
O O O B-action B-object O
O O O O O O O O
O O O B-action B-object
O O O O O
O O B-action O B-object
O O B-action O B-object O B-state O
O O B-action O B-object O
O O O B-action O B-object B-state
O O B-action B-state B-object O
O O B-action B-state O B-object O
O O O O O O
O O B-action B-object O
O O O O O O O
O O B-action B-state O B-object
O O O B-action O B-object B-state
B-action B-state B-object O
B-object B-state
O O B-action B-state O B-object O
B-action O B-object
O O O O O O O O O O O O
B-action B-object O O
O O O O O O
B-action O B-object
O O B-action B-state O B-object O
O O B-action B-state O B-object O
O O B-action B-object O
O O B-action B-object O O
O O B-action O B-object B-state
O O O O
O O O O O O
B-action B-object O
O O O B-action O B-object
O O O O O
O O O B-action B-state O B-object
O O B-action B-object O
O B-action O B-object O
O O B-action O B-object B-state O
O B-action B-state O B-object
O O B-action O B-object O O
O O O O
O B-action O B-object B-state
B-action B-object O
O O B-action O B-object O O
O B-action O B-object
O O O B-action B-state O B-object
O O B-action O B-object B-state O
O O B-action B-state B-object
O B-action O B-object
O B-action O B-object
O O O
O O B-action B-object O
O O O
O O O B-action B-state O B-object
O O O O
O O B-action B-object
O O O O
O O B-action B-state O B-object O
O O O O O
B-action B-state O B-object
O O
O O O O
B-action B-object
O O O O O O
O B-action B-state B-object
O O B-action O B-object B-state
O O O B-action B-state O B-object
O O O O O
O O B-action B-state B-object
O O O B-action B-object O
O O O O O O O
O O B-action B-object O
B-action B-state B-object O
O O O B-action B-object O
O O O O O O
O O B-action B-object
O B-action O B-object B-state
O O B-action O O O
O B-action O B-object
O B-action O B-object
O O
O O B-action B-state B-object
O O O
B-action O B-object B-state O
O O B-action B-state B-object
O O O O O O O
O O B-action B-state B-object O
O O O B-action O B-object B-state
O O B-action O B-object
O O O O O O
O O B-action B-object O
O B-action B-state O B-object
O O O O
O O O O O O O
O O B-action B-object O O
O O O O O O
O O O O O
O O O B-action B-state O B-object
B-action O B-object B-state O
O O B-action B-state O B-object
O O O B-action O B-object
O O O B-action B-object O
O O O B-action B-state O B-object
O O O O O O O O
O O B-action B-object B-state
O O B-action O B-object B-state
O O O B-action B-object B-state
O O B-action O B-object B-state O
O B-action B-object B-state
O O O O O
O O O B-action B-object O
O B-action O B-object B-state
O O O B-action B-state O B-object
O O B-action O B-object B-state
O O O O O O O
O B-action O B-object B-state
O O O B-action B-state B-object
B-action B-object O
O O O O O O O O O
B-action B-object
B-action B-object O
O O B-action B-state O B-object
B-action B-state O B-object O
O B-action O B-object B-state
O O O O O O
O O B-action O B-object O
O O B-action O B-object B-state O
O O O O
O O O O
O O B-action B-state O B-object
B-action B-object O
O B-action O B-object
B-action B-state O B-object O
O B-action B-object
O O O O O O O
O O O O O O O O
O O B-action B-object O
B-action O B-object O
O O O B-action B-object
B-action B-object
O O B-action O B-object B-state O
O O B-action B-state B-object
B-action O B-object B-state
O O B-action B-object O O
O O B-action B-state B-object
O O B-action O B-object
B-action B-state O B-object
O O B-action B-object
O B-action O B-object B-state
O B-action B-object
O O O
B-action B-state B-object O
O O O O O O O
O O B-action B-object O
B-action B-object O
B-action O B-object O O
O O O O O O O O
O O B-action O B-object B-state
B-action B-state O B-object O
O O B-action O B-object
O O B-action O O
O O O O O O
B-action O B-object B-state O
O O B-action B-object O O
O O O
O O O O O O O O
O O B-action O B-object O
O B-action B-object O
O B-action B-object B-state
O O O O O
O O O O
O O O O-O
O O O O O
O O O B-action B-state O B-object
O O B-action B-object B-state
B-action O B-object O O
O B-action B-object
B-action B-object
O O
O O O O
O O B-action O B-object B-state
O O O O O
B-action O B-object O
O O
O O O O
O O B-action O B-object O O
O O O O O O
B-action B-object
O O O
O O B-action B-state B-object
O B-action O B-object
B-action O B-object O O
O B-action B-object B-state
O O O O O O O O O
O O O O O O O O
O O O O O O
O O B-action O B-object B-state
O O B-action O B-object
O O O B-action O B-object
B-action B-state B-object
O B-action O B-object B-state
O O B-action B-state O B-object
O O B-action O B-object
B-action O B-object B-state
O O O O O
O O
O B-action B-object O
O B-action O B-object
O O O O O O O
O O O O O O
O O B-action O B-object
B-action B-object O
O O O O O O
O O O B-action O B-object B-state
O B-action B-object
O B-action O B-object
O O O B-action O B-object B-state
O O B-action O B-object B-state
O O O B-action O B-object
O O O O O O
O O O O O O O
O B-action O B-object
O O B-action B-state O B-object
B-action O B-object O
O O O O
B-action B-state O B-object
O B-action O B-object
O O O O O O O
O O B-action B-state O B-object
B-action O B-object O
O O B-action O B-object B-state
O O O B-action B-object
O O B-action B-object B-state O
B-action B-object O O
O O O O O O O O O O
B-action B-state O B-object O
O O B-action B-state B-object O
B-action B-object B-state
B-action O B-object O B-state
O B-action B-state O B-object
B-action B-object O
O B-action O B-object O
O O O O O O O O O
O O O B-action O B-object B-state
O O B-action B-state O B-object O
O O B-action O B-object O
O O O B-action B-object
O O
O O O O O O
O O B-action B-state O B-object
O O O O O O O
O B-action O B-object O
O O B-action B-state O B-object O
O O O O O O O
B-action O B-object O O
O O B-action B-state O B-object O
O O O B-action O B-object B-state
O O O O O O
O O B-action B-state O B-object O
O O O O O O
O O B-action O B-object B-state
B-action B-state O B-object
O O B-action B-state O B-object
O O O O O O O
B-action B-state O B-object O
O O O O O O O
O O B-action B-state O B-object
O O O B-action O B-object B-state
B-action O B-object
O O B-action O B-object B-state
O O O B-action B-state O B-object
O O O O O
O O O B-action B-object B-state
O O O
O O O B-action B-state B-object
O O B-action O B-object B-state O
O O B-action B-object O O
O B-action B-state B-object
O O B-action O B-object I-object O B-state
O O O O O O O O O
O O O O O
O B-action B-object
B-action B-state O B-object
O O B-action B-state B-object
O O B-action O B-object
B-action O B-object B-state O
O B-action B-object
O O B-action O B-object O B-state
O O O O O
O O O B-action O B-object
O O O B-action O B-object B-state
O B-action B-state O B-object
O O O-O
O O B-action B-state O B-object
O O O O O O O O
O O O B-action O B-object
O B-action B-object
O O O O O O O O O O O O O
O O B-action B-state O B-object O
O O O B-action O B-object B-state
B-action B-object B-state
O O O O
O O O B-action O B-object B-state
B-action B-object B-state
O O B-action O B-object
B-action B-object O O
O O O
O O O O O O O O O O
O O B-action B-object B-state
O O O O O O O O
O O O O O O O
O O B-action O B-object B-state O
O O O O O O O
O O B-action B-object B-state
O O B-action O B-object B-state
O O B-action O B-object B-state O
O O B-action B-state O B-object O
O O O B-action B-state O B-object
O O O O O O O
O O O B-action O B-object B-state
O O O O O O
O O B-action B-state O B-object O
O O O O O O O
O O B-action B-state O B-object O
O O B-action B-state B-object
O O B-action B-state O B-object
B-action B-object B-state O
O O O O O O
O O O O
B-action O B-object B-state O
O B-action B-object O
O O B-action B-object O
O O O O
O O B-action B-object O O
O O B-action O B-object B-state
O B-action B-state O O
B-action O B-object B-state O
O O O O O O
O O B-action B-object B-state O
O O O O O
O O B-action O B-object B-state
O O O O O O O
O O B-action B-state O B-object O
B-action O B-object O O
B-action O B-object B-state
O O O
B-action B-object O O
O O O O
O O O O O O O O O O O
O O O
O O O O O O O O O O
O O O B-action B-object
O O O O O O O O O O
O O O O O O O O
O O B-action O B-object O
O O O O O
O B-action O B-object
O O O B-action B-object
O O B-action O B-object
O O O O
O O O O O O O
O O O O O
B-action O B-object B-state
O O B-action O B-object O
B-action O B-object O
O O B-action O B-object B-state
O O O O O O O O O
B-action O O
O O O O O O O O
O O B-action B-state O B-object
O O O O
B-action B-state B-object
O O O
O O B-action O B-object O
O O O O O O
O O O O O O O O
O O O
O O O O O
O O O B-action B-state O B-object
O O O O
O O O O
O O B-action B-state B-object
O O B-action O B-object B-state O
O O O O O O
O O O
B-action B-state B-object
O O O B-action B-state B-object
O O O O O O O O O
O O B-action B-object B-state O
O O B-action O B-object
O B-action B-object B-state
O O B-action O B-object
O O B-action B-object
O O B-action B-object
O B-action O B-object O
O O O O O
O O B-action B-state O B-object
O O O B-action O O
O O O O O O
O O O O O
B-action B-object O
O O O O O O
O O B-action O B-object O O
O O B-action O B-object O
O B-action O B-object
O O B-action O B-object B-state O
O O O
O O O O
O O O O
O O O B-action O B-object
O O O O O
O O B-action O B-object O
O O B-action O B-object O
O O B-action B-state O B-object O
O O B-action B-state B-object O
O O O O O
O O B-action B-state O B-object O
O B-action B-object O
O B-action B-object B-state
O O B-action B-state O B-object
O O B-action O B-object B-state O
O O B-action O B-object B-state
B-action O B-object O
B-action B-state O B-object O
O B-action B-object I-object O B-state O
O O O O O O O O O O
O O B-action O B-object B-state
O O O B-action B-state O B-object
O O O O O O O O O O
O B-action O B-object O
B-action B-state O B-object O
O O B-action O B-object O
O O B-action O B-object B-state
O B-action B-state B-object
B-action O B-object B-state
O O B-action O B-object B-state
O O O O
O O B-action B-object O O
O O B-action B-state B-object
O B-action O B-object B-state
B-action B-object
B-action O B-object
O O O B-action B-state O B-object
O O O O O O O O O O
B-action B-object O O
O O O O O O O O
B-action B-state O B-object O
O O B-action O B-object O
O O B-action B-state B-object
O O B-action B-state B-object O
B-action O B-object O B-state O O O
O O B-action B-state B-object O
O O O O O O
O O O B-action B-state O B-object
O O O B-action O B-object
O B-action B-state O B-object
O B-action B-state O B-object
O O O O O
B-action B-state O B-object
O O B-action O B-object O
O B-action O B-object O B-state O
O O B-action O B-object B-state
O O B-action O B-object B-state
O O B-action O B-object O
O O B-action B-object O O
O O O O O O
O O O O O O
B-action B-state B-object O
O O B-action O B-object B-state O
O O O O O O
O O O B-action O B-object
B-action B-object
B-action B-object
O O B-action O B-object O O
B-action O B-object B-state
B-action B-state B-object
B-action B-object O
O O O O O
O O O O O O O O O O
O B-action B-object O B-state O
O B-action B-object O B-state
O O O O O
O O B-action B-state B-object
O O
O O O O O O
B-action B-object O O
O O O O O O O
O B-action O B-object O
O O O O O O
O O O
O O O O
O O O O O
O O B-action O B-object B-state O
O O O B-action O B-object B-state
B-action B-state O B-object O
O O O
O O O O O
O O O B-action B-object
O O B-action B-state O B-object
B-action B-object O
B-action O B-object O B-state O
B-action B-object O
B-action O B-object O
O O O O
O B-action B-object B-state
O O O B-action O B-object B-state
O O O O O
B-action B-state O B-object O
B-action O B-object O
O O O B-action B-object
O O B-action B-object
O O O
O O B-action O B-object B-state O
O O B-action O B-object
O B-action B-object I-object O B-state O O
O O
O O B-action O B-object B-state
B-action B-state B-object
O O O O O
B-action O B-object B-state O
B-action B-state O B-object
O O O B-action O B-object
O O O B-action O B-object B-state
O O O O O O
O O B-action O B-object B-state
B-action B-object
B-action B-state O B-object O
O O O B-action O B-object B-state
O O O
B-action O B-object B-state
O O O B-action B-state B-object
O O B-action B-state O B-object
B-action B-state B-object
O O O O O
O O O B-action O B-object O
B-action B-object
O O B-action B-object O
O O B-action B-object
B-action O B-object O O
O O O O O O O
O O O
O O O O O
O O B-action O B-object O
O O B-action O B-object B-state O
O O O B-action B-object O
O O O B-action O B-object
O O B-action O B-object O O
B-action O B-object B-state
B-action O B-object O O
O O B-action B-object O B-state
O B-action B-object
O O B-action O B-object O
O O B-action B-state O B-object O
O O O O O
O O O O
B-action B-state O B-object
B-action B-object I-object O B-state O
O O O O O O O
O O B-action O B-object B-state
B-action B-object B-state O
B-action B-object
O O O B-action O B-object B-state
O O O B-action O B-object O
O O O B-action O B-object O
O B-action O B-object B-state
B-action O B-object
O O O O O
O O O O
O B-action O B-object B-state
B-action B-object
B-action O B-object B-state O
B-action B-object I-object O B-state O O
O O O B-action O B-object B-state
B-action B-object O
O O O O
O O O O O O O O
O O O B-action O B-object O
O B-action B-state O B-object
B-action B-state O B-object O
B-action B-object O
O B-action B-object O
O O B-action O B-object
O O B-action B-object O O
O B-action O B-object
O O O O O
O O B-action O B-object B-state
O O B-action B-object O
O O O O O O O O O O
O O O B-action O B-object B-state
O O
O O B-action B-state O B-object O
O O O O O O
O O O B-action B-object O
